<?xml version="1.0" encoding="UTF-8"?>
<testsuite name="com.team3.gdx.tests.CookTests" tests="7" skipped="0" failures="1" errors="0" timestamp="2023-03-28T08:04:51" hostname="GAMING-PC" time="0.394">
  <properties/>
  <testcase name="testCollision" classname="com.team3.gdx.tests.CookTests" time="0.068"/>
  <testcase name="testDropItem" classname="com.team3.gdx.tests.CookTests" time="0.008"/>
  <testcase name="testMovement" classname="com.team3.gdx.tests.CookTests" time="0.002"/>
  <testcase name="testCreateCook" classname="com.team3.gdx.tests.CookTests" time="0.002"/>
  <testcase name="testCookSwitch" classname="com.team3.gdx.tests.CookTests" time="0.06">
    <failure message="java.lang.ArrayIndexOutOfBoundsException: Index 2 out of bounds for length 2" type="java.lang.ArrayIndexOutOfBoundsException">java.lang.ArrayIndexOutOfBoundsException: Index 2 out of bounds for length 2
	at com.team3.gdx.tests.CookTests.testCookSwitch(CookTests.java:237)
	at java.base/jdk.internal.reflect.NativeMethodAccessorImpl.invoke0(Native Method)
	at java.base/jdk.internal.reflect.NativeMethodAccessorImpl.invoke(NativeMethodAccessorImpl.java:62)
	at java.base/jdk.internal.reflect.DelegatingMethodAccessorImpl.invoke(DelegatingMethodAccessorImpl.java:43)
	at java.base/java.lang.reflect.Method.invoke(Method.java:566)
	at org.junit.runners.model.FrameworkMethod$1.runReflectiveCall(FrameworkMethod.java:59)
	at org.junit.internal.runners.model.ReflectiveCallable.run(ReflectiveCallable.java:12)
	at org.junit.runners.model.FrameworkMethod.invokeExplosively(FrameworkMethod.java:56)
	at org.junit.internal.runners.statements.InvokeMethod.evaluate(InvokeMethod.java:17)
	at org.junit.runners.ParentRunner$3.evaluate(ParentRunner.java:306)
	at org.junit.runners.BlockJUnit4ClassRunner$1.evaluate(BlockJUnit4ClassRunner.java:100)
	at org.junit.runners.ParentRunner.runLeaf(ParentRunner.java:366)
	at org.junit.runners.BlockJUnit4ClassRunner.runChild(BlockJUnit4ClassRunner.java:103)
	at com.team3.gdx.tests.GdxTestRunner.render(GdxTestRunner.java:59)
	at com.badlogic.gdx.backends.headless.HeadlessApplication.mainLoop(HeadlessApplication.java:128)
	at com.badlogic.gdx.backends.headless.HeadlessApplication$1.run(HeadlessApplication.java:93)
</failure>
  </testcase>
  <testcase name="testFullCookStack" classname="com.team3.gdx.tests.CookTests" time="0.002"/>
  <testcase name="testPickUp" classname="com.team3.gdx.tests.CookTests" time="0.165"/>
  <system-out><![CDATA[]]></system-out>
  <system-err><![CDATA[]]></system-err>
</testsuite>
